                                      1 ;--------------------------------------------------------
                                      2 ; File Created by SDCC : free open source ANSI-C Compiler
                                      3 ; Version 4.2.0 #13081 (Linux)
                                      4 ;--------------------------------------------------------
                                      5 	.module crc
                                      6 	.optsdcc -mmcs51 --model-small
                                      7 	
                                      8 ;--------------------------------------------------------
                                      9 ; Public variables in this module
                                     10 ;--------------------------------------------------------
                                     11 	.globl _crcSlow_PARM_2
                                     12 	.globl _crcSlow
                                     13 ;--------------------------------------------------------
                                     14 ; special function registers
                                     15 ;--------------------------------------------------------
                                     16 	.area RSEG    (ABS,DATA)
      000000                         17 	.org 0x0000
                                     18 ;--------------------------------------------------------
                                     19 ; special function bits
                                     20 ;--------------------------------------------------------
                                     21 	.area RSEG    (ABS,DATA)
      000000                         22 	.org 0x0000
                                     23 ;--------------------------------------------------------
                                     24 ; overlayable register banks
                                     25 ;--------------------------------------------------------
                                     26 	.area REG_BANK_0	(REL,OVR,DATA)
      000000                         27 	.ds 8
                                     28 ;--------------------------------------------------------
                                     29 ; internal ram data
                                     30 ;--------------------------------------------------------
                                     31 	.area DSEG    (DATA)
                                     32 ;--------------------------------------------------------
                                     33 ; overlayable items in internal ram
                                     34 ;--------------------------------------------------------
                                     35 	.area	OSEG    (OVR,DATA)
      000000                         36 _crcSlow_PARM_2:
      000000                         37 	.ds 1
      000001                         38 _crcSlow_message_65536_2:
      000001                         39 	.ds 3
                                     40 ;--------------------------------------------------------
                                     41 ; indirectly addressable internal ram data
                                     42 ;--------------------------------------------------------
                                     43 	.area ISEG    (DATA)
                                     44 ;--------------------------------------------------------
                                     45 ; absolute internal ram data
                                     46 ;--------------------------------------------------------
                                     47 	.area IABS    (ABS,DATA)
                                     48 	.area IABS    (ABS,DATA)
                                     49 ;--------------------------------------------------------
                                     50 ; bit data
                                     51 ;--------------------------------------------------------
                                     52 	.area BSEG    (BIT)
                                     53 ;--------------------------------------------------------
                                     54 ; paged external ram data
                                     55 ;--------------------------------------------------------
                                     56 	.area PSEG    (PAG,XDATA)
                                     57 ;--------------------------------------------------------
                                     58 ; external ram data
                                     59 ;--------------------------------------------------------
                                     60 	.area XSEG    (XDATA)
                                     61 ;--------------------------------------------------------
                                     62 ; absolute external ram data
                                     63 ;--------------------------------------------------------
                                     64 	.area XABS    (ABS,XDATA)
                                     65 ;--------------------------------------------------------
                                     66 ; external initialized ram data
                                     67 ;--------------------------------------------------------
                                     68 	.area XISEG   (XDATA)
                                     69 	.area HOME    (CODE)
                                     70 	.area GSINIT0 (CODE)
                                     71 	.area GSINIT1 (CODE)
                                     72 	.area GSINIT2 (CODE)
                                     73 	.area GSINIT3 (CODE)
                                     74 	.area GSINIT4 (CODE)
                                     75 	.area GSINIT5 (CODE)
                                     76 	.area GSINIT  (CODE)
                                     77 	.area GSFINAL (CODE)
                                     78 	.area CSEG    (CODE)
                                     79 ;--------------------------------------------------------
                                     80 ; global & static initialisations
                                     81 ;--------------------------------------------------------
                                     82 	.area HOME    (CODE)
                                     83 	.area GSINIT  (CODE)
                                     84 	.area GSFINAL (CODE)
                                     85 	.area GSINIT  (CODE)
                                     86 ;--------------------------------------------------------
                                     87 ; Home
                                     88 ;--------------------------------------------------------
                                     89 	.area HOME    (CODE)
                                     90 	.area HOME    (CODE)
                                     91 ;--------------------------------------------------------
                                     92 ; code
                                     93 ;--------------------------------------------------------
                                     94 	.area CSEG    (CODE)
                                     95 ;------------------------------------------------------------
                                     96 ;Allocation info for local variables in function 'crcSlow'
                                     97 ;------------------------------------------------------------
                                     98 ;nBytes                    Allocated with name '_crcSlow_PARM_2'
                                     99 ;message                   Allocated with name '_crcSlow_message_65536_2'
                                    100 ;remainder                 Allocated to registers r3 r4 
                                    101 ;byte                      Allocated to registers r2 
                                    102 ;bit                       Allocated to registers r7 
                                    103 ;------------------------------------------------------------
                                    104 ;	src/crc.c:42: crcSlow(const uint8_t message[], uint8_t nBytes)
                                    105 ;	-----------------------------------------
                                    106 ;	 function crcSlow
                                    107 ;	-----------------------------------------
      000000                        108 _crcSlow:
                           000007   109 	ar7 = 0x07
                           000006   110 	ar6 = 0x06
                           000005   111 	ar5 = 0x05
                           000004   112 	ar4 = 0x04
                           000003   113 	ar3 = 0x03
                           000002   114 	ar2 = 0x02
                           000001   115 	ar1 = 0x01
                           000000   116 	ar0 = 0x00
      000000 85 82*01         [24]  117 	mov	_crcSlow_message_65536_2,dpl
      000003 85 83*02         [24]  118 	mov	(_crcSlow_message_65536_2 + 1),dph
      000006 85 F0*03         [24]  119 	mov	(_crcSlow_message_65536_2 + 2),b
                                    120 ;	src/crc.c:44: crc            remainder = INITIAL_REMAINDER;
      000009 7B FF            [12]  121 	mov	r3,#0xff
      00000B 7C FF            [12]  122 	mov	r4,#0xff
                                    123 ;	src/crc.c:52: for (byte = 0; byte < nBytes; ++byte)
      00000D 7A 00            [12]  124 	mov	r2,#0x00
      00000F                        125 00109$:
      00000F C3               [12]  126 	clr	c
      000010 EA               [12]  127 	mov	a,r2
      000011 95*00            [12]  128 	subb	a,_crcSlow_PARM_2
      000013 50 47            [24]  129 	jnc	00105$
                                    130 ;	src/crc.c:57: remainder ^= (message[byte] << (WIDTH - 8));
      000015 EA               [12]  131 	mov	a,r2
      000016 25*01            [12]  132 	add	a,_crcSlow_message_65536_2
      000018 F8               [12]  133 	mov	r0,a
      000019 E4               [12]  134 	clr	a
      00001A 35*02            [12]  135 	addc	a,(_crcSlow_message_65536_2 + 1)
      00001C F9               [12]  136 	mov	r1,a
      00001D AF*03            [24]  137 	mov	r7,(_crcSlow_message_65536_2 + 2)
      00001F 88 82            [24]  138 	mov	dpl,r0
      000021 89 83            [24]  139 	mov	dph,r1
      000023 8F F0            [24]  140 	mov	b,r7
      000025 12r00r00         [24]  141 	lcall	__gptrget
      000028 FF               [12]  142 	mov	r7,a
      000029 78 00            [12]  143 	mov	r0,#0x00
      00002B 8B 05            [24]  144 	mov	ar5,r3
      00002D 8C 06            [24]  145 	mov	ar6,r4
      00002F ED               [12]  146 	mov	a,r5
      000030 62 00            [12]  147 	xrl	ar0,a
      000032 EE               [12]  148 	mov	a,r6
      000033 62 07            [12]  149 	xrl	ar7,a
      000035 88 03            [24]  150 	mov	ar3,r0
      000037 8F 04            [24]  151 	mov	ar4,r7
                                    152 ;	src/crc.c:62: for (bit = 8; bit > 0; --bit)
      000039 7F 08            [12]  153 	mov	r7,#0x08
      00003B                        154 00106$:
                                    155 ;	src/crc.c:67: if (remainder & TOPBIT)
      00003B EC               [12]  156 	mov	a,r4
      00003C 30 E7 12         [24]  157 	jnb	acc.7,00102$
                                    158 ;	src/crc.c:69: remainder = (remainder << 1) ^ POLYNOMIAL;
      00003F EB               [12]  159 	mov	a,r3
      000040 2B               [12]  160 	add	a,r3
      000041 FD               [12]  161 	mov	r5,a
      000042 EC               [12]  162 	mov	a,r4
      000043 33               [12]  163 	rlc	a
      000044 FE               [12]  164 	mov	r6,a
      000045 63 05 21         [24]  165 	xrl	ar5,#0x21
      000048 63 06 10         [24]  166 	xrl	ar6,#0x10
      00004B 8D 03            [24]  167 	mov	ar3,r5
      00004D 8E 04            [24]  168 	mov	ar4,r6
      00004F 80 06            [24]  169 	sjmp	00107$
      000051                        170 00102$:
                                    171 ;	src/crc.c:73: remainder = (remainder << 1);
      000051 EB               [12]  172 	mov	a,r3
      000052 2B               [12]  173 	add	a,r3
      000053 FB               [12]  174 	mov	r3,a
      000054 EC               [12]  175 	mov	a,r4
      000055 33               [12]  176 	rlc	a
      000056 FC               [12]  177 	mov	r4,a
      000057                        178 00107$:
                                    179 ;	src/crc.c:62: for (bit = 8; bit > 0; --bit)
      000057 DF E2            [24]  180 	djnz	r7,00106$
                                    181 ;	src/crc.c:52: for (byte = 0; byte < nBytes; ++byte)
      000059 0A               [12]  182 	inc	r2
      00005A 80 B3            [24]  183 	sjmp	00109$
      00005C                        184 00105$:
                                    185 ;	src/crc.c:81: return (remainder ^ FINAL_XOR_VALUE);
      00005C 8B 82            [24]  186 	mov	dpl,r3
      00005E 8C 83            [24]  187 	mov	dph,r4
                                    188 ;	src/crc.c:83: }   /* crcSlow() */
      000060 22               [24]  189 	ret
                                    190 	.area CSEG    (CODE)
                                    191 	.area CONST   (CODE)
                                    192 	.area XINIT   (CODE)
                                    193 	.area CABS    (ABS,CODE)
